2022-11-21 15:31:45,846 INFO: 
                ____                _       _____  ____
               / __ ) ____ _ _____ (_)_____/ ___/ / __ \
              / __  |/ __ `// ___// // ___/\__ \ / /_/ /
             / /_/ // /_/ /(__  )/ // /__ ___/ // _, _/
            /_____/ \__,_//____//_/ \___//____//_/ |_|
     ______                   __   __                 __      __
    / ____/____   ____   ____/ /  / /   __  __ _____ / /__   / /
   / / __ / __ \ / __ \ / __  /  / /   / / / // ___// //_/  / /
  / /_/ // /_/ // /_/ // /_/ /  / /___/ /_/ // /__ / /<    /_/
  \____/ \____/ \____/ \____/  /_____/\____/ \___//_/|_|  (_)
    
Version Information: 
	BasicSR: 1.0.0
	PyTorch: 1.11.0+cu113
	TorchVision: 0.12.0+cu113
2022-11-21 15:31:45,846 INFO: 
  name: 204_EDSR_Lx2_f256b32_DIV2K_300k_B16G1_wandb
  model_type: SRModel
  scale: 2
  num_gpu: 1
  manual_seed: 10
  datasets:[
    train:[
      name: DIV2K
      type: PairedImageDataset
      dataroot_gt: datasets/DIV2K/DIV2K_train_HR_sub
      dataroot_lq: datasets/DIV2K/DIV2K_train_LR_bicubic/X2_sub
      filename_tmpl: {}
      io_backend:[
        type: disk
      ]
      gt_size: 96
      use_hflip: True
      use_rot: True
      num_worker_per_gpu: 6
      batch_size_per_gpu: 16
      dataset_enlarge_ratio: 100
      prefetch_mode: None
      phase: train
      scale: 2
    ]
    val:[
      name: Set5
      type: PairedImageDataset
      dataroot_gt: datasets/Set5/GTmod12
      dataroot_lq: datasets/Set5/LRbicx2
      io_backend:[
        type: disk
      ]
      phase: val
      scale: 2
    ]
  ]
  network_g:[
    type: EDSR
    num_in_ch: 3
    num_out_ch: 3
    num_feat: 256
    num_block: 32
    upscale: 2
    res_scale: 0.1
    img_range: 255.0
    rgb_mean: [0.4488, 0.4371, 0.404]
  ]
  path:[
    pretrain_network_g: None
    strict_load_g: True
    resume_state: None
    experiments_root: D:\Desktop\Documents\CV_Project\CV_Reproduction\NAFNET\experiments\204_EDSR_Lx2_f256b32_DIV2K_300k_B16G1_wandb
    models: D:\Desktop\Documents\CV_Project\CV_Reproduction\NAFNET\experiments\204_EDSR_Lx2_f256b32_DIV2K_300k_B16G1_wandb\models
    training_states: D:\Desktop\Documents\CV_Project\CV_Reproduction\NAFNET\experiments\204_EDSR_Lx2_f256b32_DIV2K_300k_B16G1_wandb\training_states
    log: D:\Desktop\Documents\CV_Project\CV_Reproduction\NAFNET\experiments\204_EDSR_Lx2_f256b32_DIV2K_300k_B16G1_wandb
    visualization: D:\Desktop\Documents\CV_Project\CV_Reproduction\NAFNET\experiments\204_EDSR_Lx2_f256b32_DIV2K_300k_B16G1_wandb\visualization
  ]
  train:[
    ema_decay: 0.999
    optim_g:[
      type: Adam
      lr: 0.0001
      weight_decay: 0
      betas: [0.9, 0.99]
    ]
    scheduler:[
      type: MultiStepLR
      milestones: [200000]
      gamma: 0.5
    ]
    total_iter: 300000
    warmup_iter: -1
    pixel_opt:[
      type: L1Loss
      loss_weight: 1.0
      reduction: mean
    ]
  ]
  val:[
    val_freq: 5000.0
    save_img: False
    metrics:[
      psnr:[
        type: calculate_psnr
        crop_border: 2
        test_y_channel: False
      ]
    ]
  ]
  logger:[
    print_freq: 100
    save_checkpoint_freq: 5000.0
    use_tb_logger: True
    wandb:[
      project: None
      resume_id: None
    ]
  ]
  dist_params:[
    backend: nccl
    port: 29500
  ]
  dist: False
  rank: 0
  world_size: 1
  auto_resume: False
  is_train: True
  root_path: D:\Desktop\Documents\CV_Project\CV_Reproduction\NAFNET

